<?xml version="1.0" encoding="UTF-8"?>
<!-- Generated by org.testng.reporters.JUnitReportReporter -->
<testsuite hostname="DESKTOP-FS19HFB" failures="0" tests="1" name="com.SauceDemo.TestLayer.HomePageTest" time="9.439" errors="0" timestamp="2023-10-12T22:58:37 EDT" skipped="0">
  <testcase classname="com.SauceDemo.TestLayer.HomePageTest" name="verifyBuyFunctionality" time="9.439"/>
</testsuite> <!-- com.SauceDemo.TestLayer.HomePageTest -->
