<?xml version="1.0" encoding="UTF-8"?>
<!-- Generated by org.testng.reporters.JUnitReportReporter -->
<testsuite hostname="LAPTOP-PKCD9K85" failures="0" tests="1" name="com.SauceDemo.TestLayer.LoginTest" time="7.106" errors="0" timestamp="2023-10-12T20:06:30 IST" skipped="0">
  <testcase classname="com.SauceDemo.TestLayer.LoginTest" name="loginWithIncorrectCredientials" time="7.106"/>
</testsuite> <!-- com.SauceDemo.TestLayer.LoginTest -->
